<?xml version="1.0" encoding="UTF-8"?>
<!-- Generated by org.testng.reporters.JUnitReportReporter -->
<testsuite skipped="0" hostname="DESKTOP-OTFVMH2" name="testNGTests.Activity1" tests="1" failures="0" timestamp="2021-01-25T01:25:50 IST" time="30.396" errors="0">
  <testcase name="gettest" time="30.396" classname="testNGTests.Activity1"/>
  <system-out/>
</testsuite> <!-- testNGTests.Activity1 -->
