<?xml version="1.0" encoding="UTF-8"?>
<!-- Generated by org.testng.reporters.JUnitReportReporter -->
<testsuite skipped="0" hostname="DESKTOP-OTFVMH2" name="JavaActivity3.TestNG_1" tests="2" failures="0" timestamp="2021-01-25T00:43:53 IST" time="0.013" errors="0">
  <testcase name="second" time="0.005" classname="JavaActivity3.TestNG_1"/>
  <system-out/>
  <testcase name="first" time="0.008" classname="JavaActivity3.TestNG_1"/>
  <system-out/>
</testsuite> <!-- JavaActivity3.TestNG_1 -->
